

============================== 2022-08-07 02:20:04.636126 | 8602ad91-8d79-46e2-b92c-5a62c51d7839 ==============================
[0m02:20:04.636126 [info ] [MainThread]: Running with dbt=1.2.0
[0m02:20:04.636126 [debug] [MainThread]: running dbt with arguments {'write_json': True, 'use_colors': True, 'printer_width': 80, 'version_check': True, 'partial_parse': True, 'static_parser': True, 'profiles_dir': 'C:\\Users\\erycm\\.dbt', 'send_anonymous_usage_stats': True, 'event_buffer_size': 100000, 'quiet': False, 'no_print': False, 'project_name': 'pokemon_dbt_project', 'skip_profile_setup': False, 'which': 'init', 'indirect_selection': 'eager'}
[0m02:20:04.637119 [debug] [MainThread]: Tracking: tracking
[0m02:20:04.637119 [debug] [MainThread]: Sending event: {'category': 'dbt', 'action': 'invocation', 'label': 'start', 'context': [<snowplow_tracker.self_describing_json.SelfDescribingJson object at 0x000001EC5FD94DF0>, <snowplow_tracker.self_describing_json.SelfDescribingJson object at 0x000001EC5FD94D30>, <snowplow_tracker.self_describing_json.SelfDescribingJson object at 0x000001EC5FD94D60>]}
[0m02:20:04.643170 [info ] [MainThread]: Creating dbt configuration folder at C:\Users\erycm\.dbt


============================== 2022-08-07 02:21:09.335712 | 9c0b877f-f381-4664-804a-5a02d1b5d92d ==============================
[0m02:21:09.335712 [info ] [MainThread]: Running with dbt=1.2.0
[0m02:21:09.336720 [debug] [MainThread]: running dbt with arguments {'write_json': True, 'use_colors': True, 'printer_width': 80, 'version_check': True, 'partial_parse': True, 'static_parser': True, 'profiles_dir': 'C:\\Users\\erycm\\.dbt', 'send_anonymous_usage_stats': True, 'event_buffer_size': 100000, 'quiet': False, 'no_print': False, 'project_name': 'pokemon_dbt', 'skip_profile_setup': False, 'which': 'init', 'indirect_selection': 'eager'}
[0m02:21:09.336720 [debug] [MainThread]: Tracking: tracking
[0m02:21:09.336720 [debug] [MainThread]: Sending event: {'category': 'dbt', 'action': 'invocation', 'label': 'start', 'context': [<snowplow_tracker.self_describing_json.SelfDescribingJson object at 0x0000027CA6694DC0>, <snowplow_tracker.self_describing_json.SelfDescribingJson object at 0x0000027CA6694D00>, <snowplow_tracker.self_describing_json.SelfDescribingJson object at 0x0000027CA6694D30>]}


============================== 2022-08-07 02:22:34.179515 | 8def3fdf-a893-4a4c-bd76-2f8978ed53b3 ==============================
[0m02:22:34.179515 [info ] [MainThread]: Running with dbt=1.2.0
[0m02:22:34.180515 [debug] [MainThread]: running dbt with arguments {'write_json': True, 'use_colors': True, 'printer_width': 80, 'version_check': True, 'partial_parse': True, 'static_parser': True, 'profiles_dir': 'C:\\Users\\erycm\\.dbt', 'send_anonymous_usage_stats': True, 'event_buffer_size': 100000, 'quiet': False, 'no_print': False, 'project_name': 'pokemon_dbt', 'skip_profile_setup': False, 'which': 'init', 'indirect_selection': 'eager'}
[0m02:22:34.180515 [debug] [MainThread]: Tracking: tracking
[0m02:22:34.180515 [debug] [MainThread]: Sending event: {'category': 'dbt', 'action': 'invocation', 'label': 'start', 'context': [<snowplow_tracker.self_describing_json.SelfDescribingJson object at 0x000002088DD51100>, <snowplow_tracker.self_describing_json.SelfDescribingJson object at 0x000002088DD51040>, <snowplow_tracker.self_describing_json.SelfDescribingJson object at 0x000002088DD51070>]}
[0m02:22:34.181530 [debug] [MainThread]: Starter project path: C:\Users\erycm\anaconda3\envs\dbt_env\lib\site-packages\dbt\include\starter_project
[0m02:26:27.743697 [info ] [MainThread]: Profile pokemon_dbt written to C:\Users\erycm\.dbt\profiles.yml using target's profile_template.yml and your supplied values. Run 'dbt debug' to validate the connection.
[0m02:26:27.744697 [info ] [MainThread]: 
Your new dbt project "pokemon_dbt" was created!

For more information on how to configure the profiles.yml file,
please consult the dbt documentation here:

  https://docs.getdbt.com/docs/configure-your-profile

One more thing:

Need help? Don't hesitate to reach out to us via GitHub issues or on Slack:

  https://community.getdbt.com/

Happy modeling!

[0m02:26:27.745700 [debug] [MainThread]: Sending event: {'category': 'dbt', 'action': 'invocation', 'label': 'end', 'context': [<snowplow_tracker.self_describing_json.SelfDescribingJson object at 0x000002088DD51100>, <snowplow_tracker.self_describing_json.SelfDescribingJson object at 0x000002088DD51280>, <snowplow_tracker.self_describing_json.SelfDescribingJson object at 0x000002088DD518E0>]}
